<?xml version="1.0" encoding="UTF-8"?>
<!-- Generated by org.testng.reporters.JUnitXMLReporter -->
<testsuite ignored="17" hostname="Next-PC" failures="1" tests="1" name="Default test" time="31.451" errors="0" timestamp="2022-09-07T11:27:58 EDT">
  <testcase classname="testLayer.LoginTest" name="testReopenTheSamesite" time="1.81">
    <failure type="org.openqa.selenium.WebDriverException" message="unknown error: cannot determine loading status
from unknown error: unexpected command response
  (Session info: chrome=104.0.5112.102)
Build info: version: &amp;apos;3.141.59&amp;apos;, revision: &amp;apos;e82be7d358&amp;apos;, time: &amp;apos;2018-11-14T08:17:03&amp;apos;
System info: host: &amp;apos;NEXT-PC&amp;apos;, ip: &amp;apos;192.168.72.1&amp;apos;, os.name: &amp;apos;Windows 10&amp;apos;, os.arch: &amp;apos;amd64&amp;apos;, os.version: &amp;apos;10.0&amp;apos;, java.version: &amp;apos;18.0.1.1&amp;apos;
Driver info: org.openqa.selenium.chrome.ChromeDriver
Capabilities {acceptInsecureCerts: false, browserName: chrome, browserVersion: 104.0.5112.102, chrome: {chromedriverVersion: 103.0.5060.53 (a1711811edd7..., userDataDir: C:\Users\Rajesh\AppData\Loc...}, goog:chromeOptions: {debuggerAddress: localhost:58165}, javascriptEnabled: true, networkConnectionEnabled: false, pageLoadStrategy: normal, platform: WINDOWS, platformName: WINDOWS, proxy: Proxy(), setWindowRect: true, strictFileInteractability: false, timeouts: {implicit: 0, pageLoad: 300000, script: 30000}, unhandledPromptBehavior: dismiss and notify, webauthn:extension:credBlob: true, webauthn:extension:largeBlob: true, webauthn:virtualAuthenticators: true}
Session ID: a7daeb8a529c1addddfe2a4c21e01bb1">
      <![CDATA[org.openqa.selenium.WebDriverException: unknown error: cannot determine loading status
from unknown error: unexpected command response
  (Session info: chrome=104.0.5112.102)
Build info: version: '3.141.59', revision: 'e82be7d358', time: '2018-11-14T08:17:03'
System info: host: 'NEXT-PC', ip: '192.168.72.1', os.name: 'Windows 10', os.arch: 'amd64', os.version: '10.0', java.version: '18.0.1.1'
Driver info: org.openqa.selenium.chrome.ChromeDriver
Capabilities {acceptInsecureCerts: false, browserName: chrome, browserVersion: 104.0.5112.102, chrome: {chromedriverVersion: 103.0.5060.53 (a1711811edd7..., userDataDir: C:\Users\Rajesh\AppData\Loc...}, goog:chromeOptions: {debuggerAddress: localhost:58165}, javascriptEnabled: true, networkConnectionEnabled: false, pageLoadStrategy: normal, platform: WINDOWS, platformName: WINDOWS, proxy: Proxy(), setWindowRect: true, strictFileInteractability: false, timeouts: {implicit: 0, pageLoad: 300000, script: 30000}, unhandledPromptBehavior: dismiss and notify, webauthn:extension:credBlob: true, webauthn:extension:largeBlob: true, webauthn:virtualAuthenticators: true}
Session ID: a7daeb8a529c1addddfe2a4c21e01bb1
at java.base/jdk.internal.reflect.DirectConstructorHandleAccessor.newInstance(DirectConstructorHandleAccessor.java:67)
at java.base/java.lang.reflect.Constructor.newInstanceWithCaller(Constructor.java:499)
at java.base/java.lang.reflect.Constructor.newInstance(Constructor.java:483)
at org.openqa.selenium.remote.http.W3CHttpResponseCodec.createException(W3CHttpResponseCodec.java:187)
at org.openqa.selenium.remote.http.W3CHttpResponseCodec.decode(W3CHttpResponseCodec.java:122)
at org.openqa.selenium.remote.http.W3CHttpResponseCodec.decode(W3CHttpResponseCodec.java:49)
at org.openqa.selenium.remote.HttpCommandExecutor.execute(HttpCommandExecutor.java:158)
at org.openqa.selenium.remote.service.DriverCommandExecutor.execute(DriverCommandExecutor.java:83)
at org.openqa.selenium.remote.RemoteWebDriver.execute(RemoteWebDriver.java:552)
at org.openqa.selenium.remote.RemoteWebElement.execute(RemoteWebElement.java:285)
at org.openqa.selenium.remote.RemoteWebElement.click(RemoteWebElement.java:84)
at removeitempackage.Removeitemfromcart.ReopenTheSamesite(Removeitemfromcart.java:95)
at testLayer.LoginTest.testReopenTheSamesite(LoginTest.java:228)
at java.base/jdk.internal.reflect.DirectMethodHandleAccessor.invoke(DirectMethodHandleAccessor.java:104)
at java.base/java.lang.reflect.Method.invoke(Method.java:577)
at org.testng.internal.invokers.MethodInvocationHelper.invokeMethod(MethodInvocationHelper.java:135)
at org.testng.internal.invokers.TestInvoker.invokeMethod(TestInvoker.java:673)
at org.testng.internal.invokers.TestInvoker.invokeTestMethod(TestInvoker.java:220)
at org.testng.internal.invokers.MethodRunner.runInSequence(MethodRunner.java:50)
at org.testng.internal.invokers.TestInvoker$MethodInvocationAgent.invoke(TestInvoker.java:945)
at org.testng.internal.invokers.TestInvoker.invokeTestMethods(TestInvoker.java:193)
at org.testng.internal.invokers.TestMethodWorker.invokeTestMethods(TestMethodWorker.java:146)
at org.testng.internal.invokers.TestMethodWorker.run(TestMethodWorker.java:128)
at java.base/java.util.ArrayList.forEach(ArrayList.java:1511)
at org.testng.TestRunner.privateRun(TestRunner.java:808)
at org.testng.TestRunner.run(TestRunner.java:603)
at org.testng.SuiteRunner.runTest(SuiteRunner.java:429)
at org.testng.SuiteRunner.runSequentially(SuiteRunner.java:423)
at org.testng.SuiteRunner.privateRun(SuiteRunner.java:383)
at org.testng.SuiteRunner.run(SuiteRunner.java:326)
at org.testng.SuiteRunnerWorker.runSuite(SuiteRunnerWorker.java:52)
at org.testng.SuiteRunnerWorker.run(SuiteRunnerWorker.java:95)
at org.testng.TestNG.runSuitesSequentially(TestNG.java:1249)
at org.testng.TestNG.runSuitesLocally(TestNG.java:1169)
at org.testng.TestNG.runSuites(TestNG.java:1092)
at org.testng.TestNG.run(TestNG.java:1060)
at org.testng.remote.AbstractRemoteTestNG.run(AbstractRemoteTestNG.java:115)
at org.testng.remote.RemoteTestNG.initAndRun(RemoteTestNG.java:251)
at org.testng.remote.RemoteTestNG.main(RemoteTestNG.java:77)
]]>
    </failure>
  </testcase> <!-- testReopenTheSamesite -->
  <testcase classname="testLayer.LoginTest" name="testcancelledorders" time="0.0">
    <ignored/>
  </testcase> <!-- testcancelledorders -->
  <testcase classname="testLayer.LoginTest" name="testfiltering" time="0.0">
    <ignored/>
  </testcase> <!-- testfiltering -->
  <testcase classname="testLayer.LoginTest" name="title" time="0.0">
    <ignored/>
  </testcase> <!-- title -->
  <testcase classname="testLayer.LoginTest" name="testsearch" time="0.0">
    <ignored/>
  </testcase> <!-- testsearch -->
  <testcase classname="testLayer.LoginTest" name="testClickonpayment" time="0.0">
    <ignored/>
  </testcase> <!-- testClickonpayment -->
  <testcase classname="testLayer.LoginTest" name="testBuyagain" time="0.0">
    <ignored/>
  </testcase> <!-- testBuyagain -->
  <testcase classname="testLayer.LoginTest" name="testremoveallitemfromcart" time="0.0">
    <ignored/>
  </testcase> <!-- testremoveallitemfromcart -->
  <testcase classname="testLayer.LoginTest" name="testpagination" time="0.0">
    <ignored/>
  </testcase> <!-- testpagination -->
  <testcase classname="testLayer.LoginTest" name="testclickonyouroders" time="0.0">
    <ignored/>
  </testcase> <!-- testclickonyouroders -->
  <testcase classname="testLayer.LoginTest" name="testsorting" time="0.0">
    <ignored/>
  </testcase> <!-- testsorting -->
  <testcase classname="testLayer.LoginTest" name="testclickonadditem" time="0.0">
    <ignored/>
  </testcase> <!-- testclickonadditem -->
  <testcase classname="testLayer.LoginTest" name="display" time="0.0">
    <ignored/>
  </testcase> <!-- display -->
  <testcase classname="testLayer.LoginTest" name="testNotYetShipped" time="0.0">
    <ignored/>
  </testcase> <!-- testNotYetShipped -->
  <testcase classname="testLayer.LoginTest" name="ValidateIMG" time="0.0">
    <ignored/>
  </testcase> <!-- ValidateIMG -->
  <testcase classname="testLayer.LoginTest" name="testClickonaddress" time="0.0">
    <ignored/>
  </testcase> <!-- testClickonaddress -->
  <testcase classname="testLayer.LoginTest" name="testremoveitem" time="0.0">
    <ignored/>
  </testcase> <!-- testremoveitem -->
  <testcase classname="testLayer.LoginTest" name="testcatmodule" time="0.0">
    <ignored/>
  </testcase> <!-- testcatmodule -->
</testsuite> <!-- Default test -->
